<?xml version="1.0" encoding="UTF-8"?>
<!-- Generated by org.testng.reporters.JUnitReportReporter -->
<testsuite hostname="DESKTOP-BDCNG4O" name="com.qa.test.GetApiTest" tests="1" failures="0" timestamp="7 Aug 2020 14:37:16 GMT" time="2.096" errors="0">
  <testcase name="getApiTest" time="2.096" classname="com.qa.test.GetApiTest"/>
</testsuite> <!-- com.qa.test.GetApiTest -->
