<?xml version="1.0" encoding="UTF-8"?>
<!-- Generated by org.testng.reporters.JUnitReportReporter -->
<testsuite hostname="DESKTOP-BDCNG4O" name="Academy.EtoEFramework.AcademyHomePage" tests="2" failures="0" timestamp="28 Jul 2020 16:55:32 GMT" time="8.440" errors="0">
  <testcase name="basePageNavigation" time="6.254" classname="Academy.EtoEFramework.AcademyHomePage"/>
  <testcase name="basePageNavigation" time="2.186" classname="Academy.EtoEFramework.AcademyHomePage"/>
</testsuite> <!-- Academy.EtoEFramework.AcademyHomePage -->
