<?xml version="1.0" encoding="UTF-8"?>
<!-- Generated by org.testng.reporters.JUnitReportReporter -->
<testsuite hostname="DESKTOP-BDCNG4O" name="Academy.EtoEFramework.ValidateNavBar" tests="1" failures="0" timestamp="28 Jul 2020 16:55:32 GMT" time="0.063" errors="0">
  <testcase name="basePageNavigation" time="0.063" classname="Academy.EtoEFramework.ValidateNavBar"/>
</testsuite> <!-- Academy.EtoEFramework.ValidateNavBar -->
