<?xml version="1.0" encoding="UTF-8"?>
<!-- Generated by org.testng.reporters.JUnitReportReporter -->
<testsuite hostname="DESKTOP-BDCNG4O" name="Academy.EtoEFramework.ValidateTitle" tests="1" failures="0" timestamp="28 Jul 2020 16:55:32 GMT" time="0.054" errors="0">
  <testcase name="basePageNavigation" time="0.054" classname="Academy.EtoEFramework.ValidateTitle"/>
</testsuite> <!-- Academy.EtoEFramework.ValidateTitle -->
