<?xml version="1.0" encoding="UTF-8"?>
<!-- Generated by org.testng.reporters.JUnitReportReporter -->
<testsuite skipped="0" hostname="DESKTOP-BDCNG4O" name="SDET.ValidateResponseBody" tests="1" failures="0" timestamp="2020-10-14T23:58:59 IST" time="3.446" errors="0">
  <testcase name="getdata" time="3.446" classname="SDET.ValidateResponseBody"/>
  <system-out/>
</testsuite> <!-- SDET.ValidateResponseBody -->
