<?xml version="1.0" encoding="UTF-8"?>
<!-- Generated by org.testng.reporters.JUnitReportReporter -->
<testsuite skipped="0" hostname="DESKTOP-BDCNG4O" name="SDET.PrintAllJSONBody" tests="1" failures="0" timestamp="2020-10-16T10:32:06 IST" time="4.060" errors="0">
  <testcase name="getdata" time="4.060" classname="SDET.PrintAllJSONBody"/>
  <system-out/>
</testsuite> <!-- SDET.PrintAllJSONBody -->
