<?xml version="1.0" encoding="UTF-8"?>
<!-- Generated by org.testng.reporters.JUnitReportReporter -->
<testsuite skipped="0" hostname="DESKTOP-BDCNG4O" name="getRequest.GetVerifyHeader" tests="1" failures="0" timestamp="2020-10-13T11:57:54 IST" time="3.790" errors="0">
  <testcase name="getrespone" time="3.790" classname="getRequest.GetVerifyHeader"/>
  <system-out/>
</testsuite> <!-- getRequest.GetVerifyHeader -->
