<?xml version="1.0" encoding="UTF-8"?>
<!-- Generated by org.testng.reporters.JUnitReportReporter -->
<testsuite skipped="0" hostname="DESKTOP-BDCNG4O" name="getRequest.GetSDET" tests="1" failures="0" timestamp="2020-10-13T10:09:20 IST" time="3.501" errors="0">
  <testcase name="getrespone" time="3.501" classname="getRequest.GetSDET"/>
  <system-out/>
</testsuite> <!-- getRequest.GetSDET -->
