<?xml version="1.0" encoding="UTF-8"?>
<!-- Generated by org.testng.reporters.JUnitReportReporter -->
<testsuite skipped="0" hostname="DESKTOP-BDCNG4O" name="SDET.GetAllResponseHeaders" tests="1" failures="0" timestamp="2020-10-14T23:49:24 IST" time="4.023" errors="0">
  <testcase name="getdata" time="4.023" classname="SDET.GetAllResponseHeaders"/>
  <system-out/>
</testsuite> <!-- SDET.GetAllResponseHeaders -->
