<?xml version="1.0" encoding="UTF-8"?>
<!-- Generated by org.testng.reporters.JUnitReportReporter -->
<testsuite skipped="0" hostname="DESKTOP-BDCNG4O" name="getRequest.GetRequestGiven" tests="1" failures="0" timestamp="2020-12-16T22:56:20 IST" time="4.167" errors="0">
  <testcase name="getRequest" time="4.167" classname="getRequest.GetRequestGiven"/>
  <system-out/>
</testsuite> <!-- getRequest.GetRequestGiven -->
