<?xml version="1.0" encoding="UTF-8"?>
<!-- Generated by org.testng.reporters.JUnitReportReporter -->
<testsuite skipped="0" hostname="DESKTOP-BDCNG4O" name="SDET.GetData" tests="1" failures="0" timestamp="2020-10-14T19:28:48 IST" time="4.565" errors="0">
  <testcase name="getdata" time="4.565" classname="SDET.GetData"/>
  <system-out/>
</testsuite> <!-- SDET.GetData -->
