<?xml version="1.0" encoding="UTF-8"?>
<!-- Generated by org.testng.reporters.JUnitReportReporter -->
<testsuite hostname="DESKTOP-BDCNG4O" name="CucumberOptions.TestRunner" tests="1" failures="0" timestamp="15 Sep 2020 18:41:47 GMT" time="0.006" errors="0">
  <testcase name="feature" time="0.006" classname="CucumberOptions.TestRunner"/>
</testsuite> <!-- CucumberOptions.TestRunner -->
