<?xml version="1.0" encoding="UTF-8"?>
<!-- Generated by org.testng.reporters.JUnitReportReporter -->
<testsuite skipped="0" hostname="DESKTOP-BDCNG4O" name="rahulshettyacademy.ExtentReports.ExtentReportDemo" tests="1" failures="0" timestamp="2020-07-18T22:50:21 IST" time="13.226" errors="0">
  <testcase name="initialDemo" time="13.226" classname="rahulshettyacademy.ExtentReports.ExtentReportDemo"/>
  <system-out/>
</testsuite> <!-- rahulshettyacademy.ExtentReports.ExtentReportDemo -->
